2022-03-06 14:34:53,486 - pyswarms.single.global_best - INFO - Optimize for 1000 iters with {'c1': 0.5, 'c2': 0.3, 'w': 0.9}
2022-03-06 14:35:35,031 - pyswarms.single.global_best - INFO - Optimization finished | best cost: 4.656965858334285e-06, best pos: [-3.50849942e-01 -4.73198931e-01 -7.40752717e-02  2.01273767e+00
 -2.46510221e+00  2.21402161e-01 -9.20866355e-01 -4.60028100e-01
 -3.20191369e+00  8.89340709e-01  1.02575285e+00 -1.41920777e+00
 -1.25568584e-01 -3.36626649e-01 -1.19471054e+00  6.81453160e-01
  4.49485487e-01 -6.07809815e-01  6.50431567e-01 -1.84062934e-02
  2.71265027e-01 -2.74563848e-01 -1.44861532e+00 -1.55208731e+00
 -1.79136874e-01  8.89418297e-01  7.58564438e-02  1.30317474e+00
  7.54130292e+00 -8.27665097e-02  2.30751521e+00  2.15130649e-02
 -1.24892431e+00 -2.46860794e-01  8.66306491e-01 -2.69844167e+00
  2.00121574e-01 -9.63382547e+00  2.46712529e-01 -2.76381517e-01
 -4.09134811e-01  1.50245509e+00  2.22127454e+00  1.61578544e-01
 -1.59587575e+00 -1.36164519e+00 -7.37421847e-02 -3.07078731e+00
  1.10083211e+00  6.35687344e-01  6.25233776e-01  4.77654265e-01
 -6.29499507e+00 -3.32210208e-01  5.19132780e-01 -6.12197392e-01
  2.38004922e+00  2.42788582e-01 -2.43197665e+00 -9.41831359e-02
  3.21787605e-01 -1.63648892e+00  3.42347581e-01 -1.63126343e+01
  1.09859860e+00 -1.69908820e+00  7.20790815e-01  1.37751555e+00
 -1.89279502e+00  6.11262989e+00 -2.34894322e-01  2.32599534e+00
  7.07222656e-01  3.58770164e+00  1.57385333e+00  1.62238193e-01
  2.78653467e+00  2.73104386e+01  1.45240090e+00  7.68779226e-01
  8.13394013e-01 -2.53828199e-01 -2.46320277e-01 -5.13161284e-01
 -7.60673295e-01  4.80021022e+00  5.71497738e-01 -3.31719937e+00
  1.57110666e-01  2.23924302e-01  8.23115727e+00 -7.17643373e-01
  7.81858625e-01  7.19646266e-01 -7.61574264e-01 -7.30585775e-01
  3.10628831e-01 -1.82629579e+01  7.15184377e-01 -1.26937175e-01
  9.24021963e-01 -1.35428140e+00 -4.16675779e-01  5.81776009e-01
  1.38074500e+00 -1.23662014e+00 -4.99367184e-01  2.19379029e+00
 -1.85099408e-01  2.15381835e+00  9.72470760e-01  5.99027659e-01
  1.32348946e+00  1.75282385e-01 -1.62710410e-01  1.06665185e+00
  1.25545840e-01 -6.91214464e+01 -3.49172792e-01  3.43441079e-02
 -6.04809888e-01 -3.50134596e+00  2.31667474e-01 -3.45764739e-01
 -7.93612468e-01 -9.40845357e+00  8.89309234e-02  9.75075263e-03
  4.01508872e-01 -1.52154798e-01 -1.72996353e+00  1.06351259e+00
 -3.26202062e+00 -2.73987120e-01 -1.03838353e+00  8.74228551e-01
 -4.71376817e-01 -2.96884390e-01 -3.44622182e+00  2.76011207e-01
  1.01692218e+00  1.39655449e+00  1.20410752e+00  2.21226589e-01
 -1.22129399e-01  5.98209931e-01 -2.53236981e-02  8.51437979e-01
  3.27355397e-01 -2.54182803e-02 -3.04129323e-01  1.31207020e+00
 -1.66409280e+02 -3.66080187e-01  5.51489375e+00 -1.01669479e+00
 -3.87143795e+01  7.97609027e-01  2.67046839e+02  1.79836954e+00
  8.86920009e-01 -9.89820606e-01 -1.95338556e-01]
2022-03-06 14:47:54,553 - pyswarms.single.global_best - INFO - Optimize for 1000 iters with {'c1': 0.5, 'c2': 0.3, 'w': 0.9}
2022-03-06 14:48:30,243 - pyswarms.single.global_best - INFO - Optimize for 1000 iters with {'c1': 0.5, 'c2': 0.3, 'w': 0.9}
2022-03-06 14:54:28,535 - pyswarms.single.global_best - INFO - Optimize for 1000 iters with {'c1': 0.5, 'c2': 0.3, 'w': 0.9}
2022-03-06 14:58:54,891 - pyswarms.single.global_best - INFO - Optimize for 1000 iters with {'c1': 0.5, 'c2': 0.3, 'w': 0.9}
2022-03-06 15:02:47,015 - pyswarms.single.global_best - INFO - Optimize for 1000 iters with {'c1': 0.5, 'c2': 0.3, 'w': 0.9}
2022-03-06 15:03:34,009 - pyswarms.single.global_best - INFO - Optimize for 1000 iters with {'c1': 0.5, 'c2': 0.3, 'w': 0.9}
2022-03-06 15:05:00,556 - pyswarms.single.global_best - INFO - Optimize for 1000 iters with {'c1': 0.5, 'c2': 0.3, 'w': 0.9}
2022-03-06 15:05:03,613 - pyswarms.single.global_best - INFO - Optimize for 1000 iters with {'c1': 0.5, 'c2': 0.3, 'w': 0.9}
2022-03-06 15:06:16,011 - pyswarms.single.global_best - INFO - Optimize for 1000 iters with {'c1': 0.5, 'c2': 0.3, 'w': 0.9}
2022-03-06 15:06:19,350 - pyswarms.single.global_best - INFO - Optimize for 1000 iters with {'c1': 0.5, 'c2': 0.3, 'w': 0.9}
2022-03-06 15:06:23,124 - pyswarms.single.global_best - INFO - Optimize for 1000 iters with {'c1': 0.5, 'c2': 0.3, 'w': 0.9}
2022-03-06 15:07:33,191 - pyswarms.single.global_best - INFO - Optimize for 1000 iters with {'c1': 0.5, 'c2': 0.3, 'w': 0.9}
2022-03-06 15:07:57,982 - pyswarms.single.global_best - INFO - Optimization finished | best cost: 0.014667012864414157, best pos: [ 1.01936341e+00  7.32603279e-01  6.76274352e-01  2.56054697e-01
  2.13613616e+00 -2.05563567e+00 -1.43792953e+00  4.58785701e-02
 -4.06092156e+00  1.31231798e-01  1.10664675e+00  1.17958921e+00
 -2.03530951e+00 -1.84134385e+00 -6.20480100e-01 -1.96515938e-02
  9.97831498e-01  8.18409461e-01  7.48437777e-01 -5.12714871e+00
  8.07283793e-02  1.09737855e+00 -1.89282529e+00 -5.13021251e-01
  3.92582784e-01  6.70898208e-01  9.88382633e-01  3.80860249e-01
 -6.25327419e-01  2.49617115e+00  1.95459249e-01  1.23384805e+00
 -6.61896499e-01  9.50770579e-01 -3.51310791e+00  3.21233428e+00
  1.94991155e-01  8.24047218e-01  1.54102119e+00  1.22668024e-01
  1.08290392e-01 -6.32633085e-01  4.92780363e-01 -1.04516735e+00
  9.86916976e-02 -1.29703292e+00  4.46532244e-01 -9.08142474e-01
  1.86964547e+00 -2.88070088e+00  1.38561133e+00 -1.78186640e-02
  1.76293073e+00  7.11748255e-01  2.11343638e+00 -3.04924504e-01
 -4.81370746e-01 -2.60614075e-01 -1.47896918e+00  5.24428637e+00
 -2.47859579e+00  1.76668301e+00  2.33866333e-01  1.16316671e-01
  2.22891965e+00  4.14146244e-01 -2.09571617e+00  5.01782220e-01
 -9.55129319e-03 -2.50561200e+00 -2.65240766e+00 -8.87038138e-01
  6.02008798e-01  4.87662827e-01  8.04923198e-01  1.15036347e+00
 -6.48187370e-01  8.62930901e-01 -5.61420844e+00  4.15855393e+00
 -4.06104219e+00 -2.19229672e+00 -4.46191491e-01  1.59106138e+00
  3.94561085e-01  1.90322020e-01  2.18219526e-02 -2.68741189e-01
 -3.35391563e-01 -6.33657009e-01 -8.06243196e-01 -1.15976623e-01
  1.08519947e-02  9.71186065e-03  6.41958572e+00  4.19361372e-01
  3.48626757e-01 -1.87687653e-01  8.61356189e+00  1.12646829e+00
 -1.04430495e+00 -1.33659344e+00  1.87562140e+01 -8.65349190e-01
  1.44232241e+00 -8.13948038e-01 -1.14643933e+00  1.89956332e+00
  2.86462506e+00  3.12111313e+00  1.71503319e+00  1.38835641e+00
  6.48227938e-01 -2.54807948e+00 -5.18417814e-01 -1.56413230e+00
 -1.03808120e+00 -4.36874326e-01  7.41366351e-01 -1.90343708e-01
 -1.31239215e+00  3.61296429e-02 -6.71643489e-01  9.51978328e-01
 -4.32006226e-01  4.43790245e+00  8.51576811e-01  1.19965600e-01
 -5.64121450e+00 -6.56994493e+00  4.41112127e-02 -9.49167611e-01
 -2.04874892e+00  1.03820779e+00  2.25467358e+00  3.04790285e+00
 -4.18061532e+00  9.60251218e-01  4.78156687e-01  2.23210412e+00
  9.92052046e-01  6.86993219e-01 -4.33311091e+00  1.52603426e-01
 -1.98180790e-01  6.23612385e-01  8.78372395e-01 -3.21925033e+00
 -2.77792608e+00 -3.93809693e-01  1.08463764e+00 -3.12112458e-01
 -2.59956010e-01  3.51161695e+00 -4.47269053e-01  5.15676381e+00
 -1.21878864e+01  6.48758071e-01 -3.16669369e-01  2.12672555e+01
  9.49620240e-01 -7.09099901e-01  1.35144777e-01]
2022-03-06 15:08:37,111 - pyswarms.single.global_best - INFO - Optimize for 1000 iters with {'c1': 0.5, 'c2': 0.3, 'w': 0.9}
2022-03-06 15:09:07,531 - pyswarms.single.global_best - INFO - Optimization finished | best cost: 0.018221833148987576, best pos: [ 5.64704657e-01  1.77363594e-01 -1.62001346e+00  9.64797210e-01
  2.88935153e-01  5.20451980e-01  5.94741293e-01 -3.35928187e-01
 -1.01324648e+00 -1.87210349e+00 -1.82650788e+00  1.54800755e+00
 -3.44260446e-01  1.59102564e+00  1.00601672e+00 -9.62158742e-01
  7.21091214e-01  5.19251159e-01  2.56329257e+00  4.17093168e-01
 -9.85735097e-01 -2.58215376e+00 -1.07653877e+00  8.36166083e-01
 -1.70580313e+00  3.86526885e-01 -8.07632344e-01  4.17660690e+00
 -8.21354256e-01 -3.16169759e-01 -2.24849623e+00 -3.01756903e-01
  1.66037796e+00  2.46396550e+00 -7.88877444e-01 -9.68119439e-01
 -3.74135011e-01  5.33961618e-01 -5.55836088e-01  6.37544254e+00
  9.68201134e-01  7.61029369e-01  2.11433834e-02 -5.00461646e-01
 -1.98251161e+00 -3.04729027e+00  8.94615885e-01 -3.17570036e+00
  1.47951034e-01  2.49034920e+00 -3.35406802e-01  1.08897728e+00
 -1.36295803e+00  1.65615448e+00 -1.25691498e-01 -5.73643368e-01
 -1.96931104e+00 -2.35894503e+00 -1.32701437e-01  4.19617592e+00
  4.61686293e+00  1.09863485e+00 -3.46299427e-01 -1.80519640e+00
  4.16007781e-01  5.37130489e+00  2.55985499e-01  1.75631266e-01
 -1.43151895e-01  2.87745652e+00 -2.38165270e-02  2.59282337e+00
 -8.77001004e-01  8.94896432e-01  1.43301695e+00  1.02547256e+00
  2.14585185e+00 -1.91644034e+00 -6.83046868e+00 -4.41868291e+00
  6.91278809e+00  5.74998539e-01 -3.02707285e+00  1.11527400e+00
  6.52437600e-01  9.39041501e-01  5.12107315e-01  2.22747520e+00
  1.68158491e+00  1.97739444e-01  1.22119631e+00 -1.01394818e+00
  4.53548774e+00 -1.80518802e-01  1.79409682e+00  4.03092213e-01
  2.15077277e+00  7.09074346e+00  6.95966189e-01  1.15630993e+00
  9.57554526e-01 -8.21961963e-01 -4.22088437e-01 -1.92476503e-01
  5.03645506e-01 -1.15835284e-01  1.90146650e+00  1.10344916e+00
 -1.09011065e+00  2.36493579e+00 -5.92764279e-01  1.14826628e+00
 -9.92168830e-01  9.14574839e-01  9.80428512e-01  7.23252879e-01
 -1.21622834e+00  2.14361867e+01  9.83850374e-01  4.25280552e+00
  3.57155713e-01  1.62672452e+00 -1.71661492e+00 -1.18129219e+00
 -1.59166756e+00  2.55657591e-01 -4.17403360e-01 -1.83956397e+01
  1.28714033e-01 -1.80122665e-01 -3.76226182e-01  7.16532211e-01
  7.33714188e-01  9.24397847e-01  2.09438559e+00  1.45148051e+00
  2.52645487e+00  9.26783918e-02 -3.95803765e+01 -1.90099590e-01
  7.09652954e-01 -4.79652085e-01 -1.36988478e-01 -2.27191343e-01
  1.53292424e+00  5.32862746e-01 -1.19529777e+00  1.16847088e+00
 -2.39110792e-01  2.06709573e-01 -2.48162635e+01 -4.84514516e+00
  2.31598142e+00 -1.25375423e+00  5.80489636e-01  6.04918819e+00
 -8.14766079e-01  9.99866884e-02  2.38958695e+00  2.84894203e-01
  2.97761369e+00 -1.30362827e+00 -2.62665765e+01]
